Removed Pin From Net: NetName=GND Pin=C6-1
Removed Pin From Net: NetName=GND Pin=C7-1
Removed Pin From Net: NetName=GND Pin=Q1-3
Removed Pin From Net: NetName=GND Pin=Q2-3
Removed Pin From Net: NetName=+3.3V Pin=R22-2
Removed Pin From Net: NetName=+3.3V Pin=R23-2
Removed Pin From Net: NetName=GND Pin=S2-2
Removed Pin From Net: NetName=GND Pin=S2-2
Removed Pin From Net: NetName=GND Pin=S3-2
Removed Pin From Net: NetName=GND Pin=S3-2
Removed Member From Class: ClassName=SmartHive_Client Member=C6
Removed Member From Class: ClassName=SmartHive_Client Member=C7
Removed Member From Class: ClassName=SmartHive_Client Member=S2
Removed Member From Class: ClassName=SmartHive_Client Member=S3
Change Component Footprint: Designator=R22 Old Footprint=RES0805 New Footprint=RES2512
Change Component Footprint: Designator=R23 Old Footprint=RES0805 New Footprint=RES2512
Change Component Comment : Designator=R22 Old Comment=Res1 New Comment=0.1
Change Component Comment : Designator=R23 Old Comment=Res1 New Comment=0.1
Change Component Designator: OldDesignator=M? NewDesignator=M1
Change Component Designator: OldDesignator=M? NewDesignator=M2
Change Component Designator: OldDesignator=M? NewDesignator=M3
Change Component Designator: OldDesignator=M? NewDesignator=M4
Change component parameters: Designator = "R22" ("R22"); Footprint = "RES0805"; UniqueID = "\HHGAMFIG" ("\HHGAMFIG")
Change component parameters (AddParameter): Name = "LatestRevisionDate"; Value = "17-Jul-2002"; VariantName = "[No Variations]"
Change component parameters (AddParameter): Name = "LatestRevisionNote"; Value = "Re-released for DXP Platform."; VariantName = "[No Variations]"
Change component parameters (AddParameter): Name = "PackageDescription"; Value = "Axial Device, Thru-Hole; 2 Leads; 0.3 in Pin Spacing"; VariantName = "[No Variations]"
Change component parameters (AddParameter): Name = "PackageReference"; Value = "AXIAL-0.3"; VariantName = "[No Variations]"
Change component parameters (AddParameter): Name = "Published"; Value = "8-Jun-2000"; VariantName = "[No Variations]"
Change component parameters (AddParameter): Name = "Publisher"; Value = "Altium Limited"; VariantName = "[No Variations]"
Change component parameters (AddParameter): Name = "Value"; Value = "0.1"; VariantName = "[No Variations]"
Change component parameters: Designator = "R23" ("R23"); Footprint = "RES0805"; UniqueID = "\IJTVKSPI" ("\IJTVKSPI")
Change component parameters (AddParameter): Name = "LatestRevisionDate"; Value = "17-Jul-2002"; VariantName = "[No Variations]"
Change component parameters (AddParameter): Name = "LatestRevisionNote"; Value = "Re-released for DXP Platform."; VariantName = "[No Variations]"
Change component parameters (AddParameter): Name = "PackageDescription"; Value = "Axial Device, Thru-Hole; 2 Leads; 0.3 in Pin Spacing"; VariantName = "[No Variations]"
Change component parameters (AddParameter): Name = "PackageReference"; Value = "AXIAL-0.3"; VariantName = "[No Variations]"
Change component parameters (AddParameter): Name = "Published"; Value = "8-Jun-2000"; VariantName = "[No Variations]"
Change component parameters (AddParameter): Name = "Publisher"; Value = "Altium Limited"; VariantName = "[No Variations]"
Change component parameters (AddParameter): Name = "Value"; Value = "0.1"; VariantName = "[No Variations]"
Added Pin To Net: NetName=GND Pin=R22-1
Added Pin To Net: NetName=GND Pin=R23-1
Added Pin To Net: NetName=ESP32_GPIO33_PUMPFEEDBACK Pin=Q2-3
Added Pin To Net: NetName=ESP32_GPIO33_PUMPFEEDBACK Pin=R23-2
Added Pin To Net: NetName=ESP32_GPIO33_PUMPFEEDBACK Pin=U4-9
Added Net: Name=ESP32_GPIO33_PUMPFEEDBACK
Added Member To Class: ClassName=SmartHive_Client Member=Component M1 Screw3mm
Added Member To Class: ClassName=SmartHive_Client Member=Component M3 Screw3mm
Added Member To Class: ClassName=SmartHive_Client Member=Component M4 Screw3mm
Added Room: Name=SmartHive_Client
