Removed Pin From Net: NetName=GND Pin=BT1-2
Removed Pin From Net: NetName=+3.3V Pin=C1-1
Removed Pin From Net: NetName=GND Pin=C1-2
Removed Pin From Net: NetName=GND Pin=C2-1
Removed Pin From Net: NetName=+3.3V Pin=C2-2
Removed Pin From Net: NetName=GND Pin=C4-1
Removed Pin From Net: NetName=+3.3V Pin=CN1-4
Removed Pin From Net: NetName=GND Pin=CN1-6
Removed Pin From Net: NetName=GND Pin=CN1-10
Removed Pin From Net: NetName=GND Pin=CN1-11
Removed Pin From Net: NetName=GND Pin=CN1-12
Removed Pin From Net: NetName=GND Pin=CN1-13
Removed Pin From Net: NetName=ESP32_TXD0 Pin=P4-1
Removed Pin From Net: NetName=ESP32_RXD0 Pin=P4-2
Removed Pin From Net: NetName=GND Pin=P4-5
Removed Pin From Net: NetName=+3.3V Pin=P7-2
Removed Pin From Net: NetName=GND Pin=P7-3
Removed Pin From Net: NetName=ESP32_EN Pin=Q3-3
Removed Pin From Net: NetName=ESP32_GPIO0 Pin=Q4-3
Removed Pin From Net: NetName=+3.3V Pin=R8-2
Removed Pin From Net: NetName=+3.3V Pin=R10-2
Removed Pin From Net: NetName=+3.3V Pin=R12-2
Removed Pin From Net: NetName=+3.3V Pin=R22-2
Removed Pin From Net: NetName=+3.3V Pin=R23-2
Removed Pin From Net: NetName=GND Pin=S1-2
Removed Pin From Net: NetName=GND Pin=U2-1
Removed Pin From Net: NetName=+3.3V Pin=U2-2
Removed Pin From Net: NetName=+3.3V Pin=U2-4
Removed Pin From Net: NetName=GND Pin=U4-4
Removed Member From Class: ClassName=SmartHiveClient_min_V1.0 Member=BT1
Removed Member From Class: ClassName=SmartHiveClient_min_V1.0 Member=C1
Removed Member From Class: ClassName=SmartHiveClient_min_V1.0 Member=C2
Removed Member From Class: ClassName=SmartHiveClient_min_V1.0 Member=CN1
Removed Member From Class: ClassName=SmartHiveClient_min_V1.0 Member=P7
Removed Member From Class: ClassName=SmartHiveClient_min_V1.0 Member=Q3
Removed Member From Class: ClassName=SmartHiveClient_min_V1.0 Member=Q4
Removed Member From Class: ClassName=SmartHiveClient_min_V1.0 Member=R2
Removed Member From Class: ClassName=SmartHiveClient_min_V1.0 Member=R3
Removed Member From Class: ClassName=SmartHiveClient_min_V1.0 Member=R4
Removed Member From Class: ClassName=SmartHiveClient_min_V1.0 Member=R8
Removed Member From Class: ClassName=SmartHiveClient_min_V1.0 Member=R10
Removed Member From Class: ClassName=SmartHiveClient_min_V1.0 Member=R12
Removed Member From Class: ClassName=SmartHiveClient_min_V1.0 Member=R16
Removed Member From Class: ClassName=SmartHiveClient_min_V1.0 Member=R17
Removed Member From Class: ClassName=SmartHiveClient_min_V1.0 Member=R22
Removed Member From Class: ClassName=SmartHiveClient_min_V1.0 Member=R23
Removed Member From Class: ClassName=SmartHiveClient_min_V1.0 Member=U2
Removed Member From Class: ClassName=SmartHiveClient_min_V1.0 Member=U4
Removed Member From Class: ClassName=SmartHiveClient_min_V1.0 Member=Y1
Change Component Footprint: Designator=P4 Old Footprint=HDR1X5 New Footprint=HDR1X4
Change Component Footprint: Designator=UP1 Old Footprint=TO263 New Footprint=TS5B_N
Change Component Comment : Designator=P4 Old Comment=Header 5 New Comment=Header 4
Change Component Comment : Designator=UP1 Old Comment=LM2576S-5.0 New Comment=LM2576S-3.3
Change component parameters: Designator = "UP1" ("UP1"); Footprint = "TO263"; UniqueID = "\SCIXTYZF" ("\SCIXTYZF")
Change component parameters (AddParameter): Name = "Code_JEDEC"; Value = "MO-169-AB"; VariantName = "[No Variations]"
Change component parameters (AddParameter): Name = "ComponentLink1Description"; Value = "LM2576 Datasheet"; VariantName = "[No Variations]"
Change component parameters (AddParameter): Name = "ComponentLink1URL"; Value = "http://www.national.com/ds/LM/LM2576.pdf"; VariantName = "[No Variations]"
Change component parameters (AddParameter): Name = "ComponentLink2Description"; Value = "LM2576 Web Page"; VariantName = "[No Variations]"
Change component parameters (AddParameter): Name = "ComponentLink2URL"; Value = "http://www.national.com/pf/LM/LM2576.html"; VariantName = "[No Variations]"
Change component parameters (AddParameter): Name = "ComponentLink3Description"; Value = "TS5B Package Page"; VariantName = "[No Variations]"
Change component parameters (AddParameter): Name = "ComponentLink3URL"; Value = "http://www.national.com/packaging/folders/ts5b.html"; VariantName = "[No Variations]"
Change component parameters (AddParameter): Name = "CompType"; Value = "Switcher"; VariantName = "[No Variations]"
Change component parameters (AddParameter): Name = "DatasheetVersion"; Value = "Aug-2004"; VariantName = "[No Variations]"
Change component parameters (AddParameter): Name = "Manufacturer"; Value = "National Semiconductor"; VariantName = "[No Variations]"
Change component parameters (AddParameter): Name = "PackageDescription"; Value = "TO-263, Molded, .400 x .390 x .180in, 5 Lead, .067in Pitch, Surface Mount"; VariantName = "[No Variations]"
Change component parameters (AddParameter): Name = "PackageReference"; Value = "TS5B"; VariantName = "[No Variations]"
Change component parameters (AddParameter): Name = "PackageTopMarking"; Value = "NSUZXYTTE#*LM2576S*-3.3 P+"; VariantName = "[No Variations]"
Change component parameters (AddParameter): Name = "PackageVersion"; Value = "revD, Apr-2005"; VariantName = "[No Variations]"
Change component parameters (AddParameter): Name = "PartNumber"; Value = "LM2576S-3.3"; VariantName = "[No Variations]"
Change component parameters (AddParameter): Name = "PinCount"; Value = "5"; VariantName = "[No Variations]"
Change component parameters (AddParameter): Name = "PowerWise"; Value = "N"; VariantName = "[No Variations]"
Change component parameters (AddParameter): Name = "Published"; Value = "4-Dec-2008"; VariantName = "[No Variations]"
Change component parameters (AddParameter): Name = "Publisher"; Value = "Altium Limited"; VariantName = "[No Variations]"
Change component parameters (AddParameter): Name = "RoHS"; Value = "N"; VariantName = "[No Variations]"
Added Pin To Net: NetName=+3.3V Pin=C3-1
Added Pin To Net: NetName=+3.3V Pin=L1-2
Added Pin To Net: NetName=ESP32_RXD0 Pin=P4-1
Added Pin To Net: NetName=ESP32_TXD0 Pin=P4-2
Added Pin To Net: NetName=+3.3V Pin=P4-3
Added Pin To Net: NetName=GND Pin=P4-4
Added Pin To Net: NetName=+3.3V Pin=R6-2
Added Pin To Net: NetName=+3.3V Pin=UP1-4
Added Pin To Net: NetName=NetC4_1 Pin=C4-1
Added Pin To Net: NetName=NetC4_1 Pin=S1-2
Added Net: Name=NetC4_1
